<?xml version="1.0" encoding="utf-8"?>
<testsuites>
  <testsuite name="pytest" errors="0" failures="1" skipped="1" tests="7" time="0.341" timestamp="2026-09-20T04:10:11.221" hostname="dev">
    <testcase classname="tests.test_cart" name="test_adds_item" time="0.002"/>
    <testcase classname="tests.test_cart" name="test_removes_item" time="0.001"/>
    <testcase classname="tests.test_cart" name="test_totals" time="0.002"/>
    <testcase classname="tests.test_cart" name="test_empty" time="0.001"/>
    <testcase classname="tests.test_discount.TestDiscount" name="test_tier[1]" time="0.003"/>
    <testcase classname="tests.test_discount.TestDiscount" name="test_tier[3]" time="0.004">
      <failure message="AssertionError: assert 4 == 5">self = &lt;TestDiscount&gt;, tier = 3&#10;E   AssertionError: assert 4 == 5</failure>
    </testcase>
    <testcase classname="tests.test_discount.TestDiscount" name="test_tier[5]" time="0.001">
      <skipped type="pytest.skip" message="tier 5 not released"/>
    </testcase>
  </testsuite>
</testsuites>
