============================= test session starts ==============================
platform linux -- Python 3.12.3, pytest-8.2.0, pluggy-1.5.0
rootdir: /home/dev/shop
configfile: pyproject.toml
collected 4 items / 1 error

==================================== ERRORS ====================================
_____________________ ERROR collecting tests/test_report.py ____________________
ImportError while importing test module '/home/dev/shop/tests/test_report.py'.
Hint: make sure your test modules/packages have valid Python names.
Traceback:
/usr/lib/python3.12/importlib/__init__.py:90: in import_module
    return _bootstrap._gcd_import(name[level:], package, level)
tests/test_report.py:3: in <module>
    import pandas as pd
E   ModuleNotFoundError: No module named 'pandas'
=========================== short test summary info ============================
ERROR tests/test_report.py
!!!!!!!!!!!!!!!!!!! Interrupted: 1 error during collection !!!!!!!!!!!!!!!!!!!!!
=============================== 1 error in 0.08s ===============================
