============================= test session starts ==============================
platform linux -- Python 3.12.3, pytest-8.2.0, pluggy-1.5.0
rootdir: /home/dev/shop
configfile: pyproject.toml
collected 7 items

tests/test_cart.py ....                                                  [ 57%]
tests/test_discount.py .F.                                               [100%]

=================================== FAILURES ===================================
__________________________ TestDiscount.test_tier[3] ___________________________

self = <tests.test_discount.TestDiscount object at 0x7f3a1c2b4d10>, tier = 3

    @pytest.mark.parametrize("tier", [1, 3, 5])
    def test_tier(self, tier):
        cart = Cart(items=[Item("book", 10)])
>       assert discount(cart, tier) == 5
E       AssertionError: assert 4 == 5
E        +  where 4 = discount(Cart(items=[Item(name='book', price=10)]), 3)

tests/test_discount.py:41: AssertionError
=========================== short test summary info ============================
FAILED tests/test_discount.py::TestDiscount::test_tier[3] - AssertionError: assert 4 == 5
=================== 5 passed, 1 failed, 1 skipped in 0.34s ====================
